Arguments: 
  /Users/wangzhen/.nvm/versions/node/v16.0.0/bin/node /Users/wangzhen/.nvm/versions/node/v16.0.0/bin/yarn add web3.js

PATH: 
  /Users/wangzhen/.nvm/versions/node/v16.0.0/bin:/usr/local/bin:/usr/local/sbin:/usr/local/bin:/usr/bin:/bin:/usr/sbin:/sbin:/Library/Apple/usr/bin:/usr/local/sbin

Yarn version: 
  1.22.17

Node version: 
  16.0.0

Platform: 
  darwin x64

Trace: 
  Error: https://registry.yarnpkg.com/web3.js: Not found
      at Request.params.callback [as _callback] (/Users/wangzhen/.nvm/versions/node/v16.0.0/lib/node_modules/yarn/lib/cli.js:67029:18)
      at Request.self.callback (/Users/wangzhen/.nvm/versions/node/v16.0.0/lib/node_modules/yarn/lib/cli.js:140883:22)
      at Request.emit (node:events:365:28)
      at Request.<anonymous> (/Users/wangzhen/.nvm/versions/node/v16.0.0/lib/node_modules/yarn/lib/cli.js:141855:10)
      at Request.emit (node:events:365:28)
      at IncomingMessage.<anonymous> (/Users/wangzhen/.nvm/versions/node/v16.0.0/lib/node_modules/yarn/lib/cli.js:141777:12)
      at Object.onceWrapper (node:events:471:28)
      at IncomingMessage.emit (node:events:377:35)
      at endReadableNT (node:internal/streams/readable:1312:12)
      at processTicksAndRejections (node:internal/process/task_queues:83:21)

npm manifest: 
  {
    "dependencies": {
      "openzeppelin-solidity": "^3.4.2"
    }
  }

yarn manifest: 
  No manifest

Lockfile: 
  # THIS IS AN AUTOGENERATED FILE. DO NOT EDIT THIS FILE DIRECTLY.
  # yarn lockfile v1
  
  
  openzeppelin-solidity@^3.4.2:
    version "3.4.2"
    resolved "https://registry.yarnpkg.com/openzeppelin-solidity/-/openzeppelin-solidity-3.4.2.tgz#ec9b3d701c459e6075691bbda642d54290e0c7ab"
    integrity sha512-mpk74A6Bo+/ISfalUqtD8bAfINQgkGH2yInUFn/uBYz1pXbefwMTApjlnCYr+HpQpeOgO7nO8deJYrzBGDFDMA==
